0	07:32:30.025	Migration: copied from 'C:\Program Files (x86)\OANDA - MetaTrader 4\config\terminal.ini' to 'C:\Users\gossd\AppData\Roaming\MetaQuotes\Terminal\7E6C4A6F67D435CAE80890D8C1401332\config\terminal.ini'
0	07:32:30.040	Migration: copied from 'C:\Program Files (x86)\OANDA - MetaTrader 4\config\OANDA-Demo-1.srv' to 'C:\Users\gossd\AppData\Roaming\MetaQuotes\Terminal\7E6C4A6F67D435CAE80890D8C1401332\config\OANDA-Demo-1.srv'
0	07:32:30.040	Migration: copied from 'C:\Program Files (x86)\OANDA - MetaTrader 4\config\OANDA-Demo-2.srv' to 'C:\Users\gossd\AppData\Roaming\MetaQuotes\Terminal\7E6C4A6F67D435CAE80890D8C1401332\config\OANDA-Demo-2.srv'
0	07:32:30.040	Migration: copied from 'C:\Program Files (x86)\OANDA - MetaTrader 4\config\OANDA-Japan FX Live.srv' to 'C:\Users\gossd\AppData\Roaming\MetaQuotes\Terminal\7E6C4A6F67D435CAE80890D8C1401332\config\OANDA-Japan FX Live.srv'
0	07:32:30.040	Migration: copied from 'C:\Program Files (x86)\OANDA - MetaTrader 4\config\OANDA-Labs Trader.srv' to 'C:\Users\gossd\AppData\Roaming\MetaQuotes\Terminal\7E6C4A6F67D435CAE80890D8C1401332\config\OANDA-Labs Trader.srv'
0	07:32:30.040	Migration: copied from 'C:\Program Files (x86)\OANDA - MetaTrader 4\config\OANDA-OGM Live-1.srv' to 'C:\Users\gossd\AppData\Roaming\MetaQuotes\Terminal\7E6C4A6F67D435CAE80890D8C1401332\config\OANDA-OGM Live-1.srv'
0	07:32:30.040	Migration: copied from 'C:\Program Files (x86)\OANDA - MetaTrader 4\config\OANDA-v20 Live-1.srv' to 'C:\Users\gossd\AppData\Roaming\MetaQuotes\Terminal\7E6C4A6F67D435CAE80890D8C1401332\config\OANDA-v20 Live-1.srv'
0	07:32:30.040	Migration: copied from 'C:\Program Files (x86)\OANDA - MetaTrader 4\config\OANDA-v20 Live-2.srv' to 'C:\Users\gossd\AppData\Roaming\MetaQuotes\Terminal\7E6C4A6F67D435CAE80890D8C1401332\config\OANDA-v20 Live-2.srv'
0	07:32:30.040	Migration: copied from 'C:\Program Files (x86)\OANDA - MetaTrader 4\config\OANDA-v20 Live-3.srv' to 'C:\Users\gossd\AppData\Roaming\MetaQuotes\Terminal\7E6C4A6F67D435CAE80890D8C1401332\config\OANDA-v20 Live-3.srv'
0	07:32:30.040	Migration: copied from 'C:\Program Files (x86)\OANDA - MetaTrader 4\config\OANDA-v20 Live-4.srv' to 'C:\Users\gossd\AppData\Roaming\MetaQuotes\Terminal\7E6C4A6F67D435CAE80890D8C1401332\config\OANDA-v20 Live-4.srv'
0	07:32:30.040	Migration: copied from 'C:\Program Files (x86)\OANDA - MetaTrader 4\config\OANDA-v20 Live-5.srv' to 'C:\Users\gossd\AppData\Roaming\MetaQuotes\Terminal\7E6C4A6F67D435CAE80890D8C1401332\config\OANDA-v20 Live-5.srv'
0	07:32:30.040	Migration: copied from 'C:\Program Files (x86)\OANDA - MetaTrader 4\config\OANDA-xOGM Demo-1.srv' to 'C:\Users\gossd\AppData\Roaming\MetaQuotes\Terminal\7E6C4A6F67D435CAE80890D8C1401332\config\OANDA-xOGM Demo-1.srv'
0	07:32:30.040	Migration: config folder copied from 'C:\Program Files (x86)\OANDA - MetaTrader 4' to 'C:\Users\gossd\AppData\Roaming\MetaQuotes\Terminal\7E6C4A6F67D435CAE80890D8C1401332'
0	07:32:30.170	Migration: copied from 'C:\Program Files (x86)\OANDA - MetaTrader 4\history\default\EURUSD240.hst' to 'C:\Users\gossd\AppData\Roaming\MetaQuotes\Terminal\7E6C4A6F67D435CAE80890D8C1401332\history\default\EURUSD240.hst'
0	07:32:30.171	Migration: copied from 'C:\Program Files (x86)\OANDA - MetaTrader 4\history\default\GBPUSD240.hst' to 'C:\Users\gossd\AppData\Roaming\MetaQuotes\Terminal\7E6C4A6F67D435CAE80890D8C1401332\history\default\GBPUSD240.hst'
0	07:32:30.246	Migration: copied from 'C:\Program Files (x86)\OANDA - MetaTrader 4\history\default\USDCHF240.hst' to 'C:\Users\gossd\AppData\Roaming\MetaQuotes\Terminal\7E6C4A6F67D435CAE80890D8C1401332\history\default\USDCHF240.hst'
0	07:32:30.265	Migration: copied from 'C:\Program Files (x86)\OANDA - MetaTrader 4\history\default\USDJPY240.hst' to 'C:\Users\gossd\AppData\Roaming\MetaQuotes\Terminal\7E6C4A6F67D435CAE80890D8C1401332\history\default\USDJPY240.hst'
0	07:32:30.270	Migration: copied from 'C:\Program Files (x86)\OANDA - MetaTrader 4\history\default\symbols.sel' to 'C:\Users\gossd\AppData\Roaming\MetaQuotes\Terminal\7E6C4A6F67D435CAE80890D8C1401332\history\default\symbols.sel'
0	07:32:30.276	Migration: copied from 'C:\Program Files (x86)\OANDA - MetaTrader 4\history\default\symbols.raw' to 'C:\Users\gossd\AppData\Roaming\MetaQuotes\Terminal\7E6C4A6F67D435CAE80890D8C1401332\history\default\symbols.raw'
0	07:32:30.277	Migration: copied from 'C:\Program Files (x86)\OANDA - MetaTrader 4\history\default\symgroups.raw' to 'C:\Users\gossd\AppData\Roaming\MetaQuotes\Terminal\7E6C4A6F67D435CAE80890D8C1401332\history\default\symgroups.raw'
0	07:32:30.280	Migration: history folder copied from 'C:\Program Files (x86)\OANDA - MetaTrader 4' to 'C:\Users\gossd\AppData\Roaming\MetaQuotes\Terminal\7E6C4A6F67D435CAE80890D8C1401332'
0	07:32:30.281	Migration: copied from 'C:\Program Files (x86)\OANDA - MetaTrader 4\history\default\EURUSD240.hst' to 'C:\Users\gossd\AppData\Roaming\MetaQuotes\Terminal\7E6C4A6F67D435CAE80890D8C1401332\history\default\EURUSD240.hst'
0	07:32:30.282	Migration: copied from 'C:\Program Files (x86)\OANDA - MetaTrader 4\history\default\GBPUSD240.hst' to 'C:\Users\gossd\AppData\Roaming\MetaQuotes\Terminal\7E6C4A6F67D435CAE80890D8C1401332\history\default\GBPUSD240.hst'
0	07:32:30.284	Migration: copied from 'C:\Program Files (x86)\OANDA - MetaTrader 4\history\default\symbols.raw' to 'C:\Users\gossd\AppData\Roaming\MetaQuotes\Terminal\7E6C4A6F67D435CAE80890D8C1401332\history\default\symbols.raw'
0	07:32:30.285	Migration: copied from 'C:\Program Files (x86)\OANDA - MetaTrader 4\history\default\symbols.sel' to 'C:\Users\gossd\AppData\Roaming\MetaQuotes\Terminal\7E6C4A6F67D435CAE80890D8C1401332\history\default\symbols.sel'
0	07:32:30.286	Migration: copied from 'C:\Program Files (x86)\OANDA - MetaTrader 4\history\default\symgroups.raw' to 'C:\Users\gossd\AppData\Roaming\MetaQuotes\Terminal\7E6C4A6F67D435CAE80890D8C1401332\history\default\symgroups.raw'
0	07:32:30.287	Migration: copied from 'C:\Program Files (x86)\OANDA - MetaTrader 4\history\default\USDCHF240.hst' to 'C:\Users\gossd\AppData\Roaming\MetaQuotes\Terminal\7E6C4A6F67D435CAE80890D8C1401332\history\default\USDCHF240.hst'
0	07:32:30.288	Migration: copied from 'C:\Program Files (x86)\OANDA - MetaTrader 4\history\default\USDJPY240.hst' to 'C:\Users\gossd\AppData\Roaming\MetaQuotes\Terminal\7E6C4A6F67D435CAE80890D8C1401332\history\default\USDJPY240.hst'
0	07:32:30.291	Migration: copied from 'C:\Program Files (x86)\OANDA - MetaTrader 4\history\symbolsets\forex.set' to 'C:\Users\gossd\AppData\Roaming\MetaQuotes\Terminal\7E6C4A6F67D435CAE80890D8C1401332\history\symbolsets\forex.set'
0	07:32:30.292	Migration: copied from 'C:\Program Files (x86)\OANDA - MetaTrader 4\history\symbolsets\forexall.set' to 'C:\Users\gossd\AppData\Roaming\MetaQuotes\Terminal\7E6C4A6F67D435CAE80890D8C1401332\history\symbolsets\forexall.set'
0	07:32:30.294	Migration: copied from 'C:\Program Files (x86)\OANDA - MetaTrader 4\history\mailbox\1356998400.arabic' to 'C:\Users\gossd\AppData\Roaming\MetaQuotes\Terminal\7E6C4A6F67D435CAE80890D8C1401332\history\mailbox\1356998400.arabic'
0	07:32:30.294	Migration: copied from 'C:\Program Files (x86)\OANDA - MetaTrader 4\history\mailbox\1356998401.bulgarian' to 'C:\Users\gossd\AppData\Roaming\MetaQuotes\Terminal\7E6C4A6F67D435CAE80890D8C1401332\history\mailbox\1356998401.bulgarian'
0	07:32:30.294	Migration: copied from 'C:\Program Files (x86)\OANDA - MetaTrader 4\history\mailbox\1356998402.chinese (simplified)' to 'C:\Users\gossd\AppData\Roaming\MetaQuotes\Terminal\7E6C4A6F67D435CAE80890D8C1401332\history\mailbox\1356998402.chinese (simplified)'
0	07:32:30.294	Migration: copied from 'C:\Program Files (x86)\OANDA - MetaTrader 4\history\mailbox\1356998403.chinese (traditional)' to 'C:\Users\gossd\AppData\Roaming\MetaQuotes\Terminal\7E6C4A6F67D435CAE80890D8C1401332\history\mailbox\1356998403.chinese (traditional)'
0	07:32:30.294	Migration: copied from 'C:\Program Files (x86)\OANDA - MetaTrader 4\history\mailbox\1356998404.czech' to 'C:\Users\gossd\AppData\Roaming\MetaQuotes\Terminal\7E6C4A6F67D435CAE80890D8C1401332\history\mailbox\1356998404.czech'
0	07:32:30.294	Migration: copied from 'C:\Program Files (x86)\OANDA - MetaTrader 4\history\mailbox\1356998405.english' to 'C:\Users\gossd\AppData\Roaming\MetaQuotes\Terminal\7E6C4A6F67D435CAE80890D8C1401332\history\mailbox\1356998405.english'
0	07:32:30.294	Migration: copied from 'C:\Program Files (x86)\OANDA - MetaTrader 4\history\mailbox\1356998406.french' to 'C:\Users\gossd\AppData\Roaming\MetaQuotes\Terminal\7E6C4A6F67D435CAE80890D8C1401332\history\mailbox\1356998406.french'
0	07:32:30.294	Migration: copied from 'C:\Program Files (x86)\OANDA - MetaTrader 4\history\mailbox\1356998407.german' to 'C:\Users\gossd\AppData\Roaming\MetaQuotes\Terminal\7E6C4A6F67D435CAE80890D8C1401332\history\mailbox\1356998407.german'
0	07:32:30.294	Migration: copied from 'C:\Program Files (x86)\OANDA - MetaTrader 4\history\mailbox\1356998408.greek' to 'C:\Users\gossd\AppData\Roaming\MetaQuotes\Terminal\7E6C4A6F67D435CAE80890D8C1401332\history\mailbox\1356998408.greek'
0	07:32:30.294	Migration: copied from 'C:\Program Files (x86)\OANDA - MetaTrader 4\history\mailbox\1356998409.hebrew' to 'C:\Users\gossd\AppData\Roaming\MetaQuotes\Terminal\7E6C4A6F67D435CAE80890D8C1401332\history\mailbox\1356998409.hebrew'
0	07:32:30.294	Migration: copied from 'C:\Program Files (x86)\OANDA - MetaTrader 4\history\mailbox\1356998410.hungarian' to 'C:\Users\gossd\AppData\Roaming\MetaQuotes\Terminal\7E6C4A6F67D435CAE80890D8C1401332\history\mailbox\1356998410.hungarian'
0	07:32:30.294	Migration: copied from 'C:\Program Files (x86)\OANDA - MetaTrader 4\history\mailbox\1356998411.indonesian' to 'C:\Users\gossd\AppData\Roaming\MetaQuotes\Terminal\7E6C4A6F67D435CAE80890D8C1401332\history\mailbox\1356998411.indonesian'
0	07:32:30.309	Migration: copied from 'C:\Program Files (x86)\OANDA - MetaTrader 4\history\mailbox\1356998412.italian' to 'C:\Users\gossd\AppData\Roaming\MetaQuotes\Terminal\7E6C4A6F67D435CAE80890D8C1401332\history\mailbox\1356998412.italian'
0	07:32:30.309	Migration: copied from 'C:\Program Files (x86)\OANDA - MetaTrader 4\history\mailbox\1356998413.japanese' to 'C:\Users\gossd\AppData\Roaming\MetaQuotes\Terminal\7E6C4A6F67D435CAE80890D8C1401332\history\mailbox\1356998413.japanese'
0	07:32:30.309	Migration: copied from 'C:\Program Files (x86)\OANDA - MetaTrader 4\history\mailbox\1356998414.malay' to 'C:\Users\gossd\AppData\Roaming\MetaQuotes\Terminal\7E6C4A6F67D435CAE80890D8C1401332\history\mailbox\1356998414.malay'
0	07:32:30.324	Migration: copied from 'C:\Program Files (x86)\OANDA - MetaTrader 4\history\mailbox\1356998415.polish' to 'C:\Users\gossd\AppData\Roaming\MetaQuotes\Terminal\7E6C4A6F67D435CAE80890D8C1401332\history\mailbox\1356998415.polish'
0	07:32:30.324	Migration: copied from 'C:\Program Files (x86)\OANDA - MetaTrader 4\history\mailbox\1356998416.portuguese' to 'C:\Users\gossd\AppData\Roaming\MetaQuotes\Terminal\7E6C4A6F67D435CAE80890D8C1401332\history\mailbox\1356998416.portuguese'
0	07:32:30.324	Migration: copied from 'C:\Program Files (x86)\OANDA - MetaTrader 4\history\mailbox\1356998417.russian' to 'C:\Users\gossd\AppData\Roaming\MetaQuotes\Terminal\7E6C4A6F67D435CAE80890D8C1401332\history\mailbox\1356998417.russian'
0	07:32:30.324	Migration: copied from 'C:\Program Files (x86)\OANDA - MetaTrader 4\history\mailbox\1356998418.slovenian' to 'C:\Users\gossd\AppData\Roaming\MetaQuotes\Terminal\7E6C4A6F67D435CAE80890D8C1401332\history\mailbox\1356998418.slovenian'
0	07:32:30.324	Migration: copied from 'C:\Program Files (x86)\OANDA - MetaTrader 4\history\mailbox\1356998419.spanish' to 'C:\Users\gossd\AppData\Roaming\MetaQuotes\Terminal\7E6C4A6F67D435CAE80890D8C1401332\history\mailbox\1356998419.spanish'
0	07:32:30.340	Migration: copied from 'C:\Program Files (x86)\OANDA - MetaTrader 4\history\mailbox\1356998420.tajik' to 'C:\Users\gossd\AppData\Roaming\MetaQuotes\Terminal\7E6C4A6F67D435CAE80890D8C1401332\history\mailbox\1356998420.tajik'
0	07:32:30.342	Migration: copied from 'C:\Program Files (x86)\OANDA - MetaTrader 4\history\mailbox\1356998421.thai' to 'C:\Users\gossd\AppData\Roaming\MetaQuotes\Terminal\7E6C4A6F67D435CAE80890D8C1401332\history\mailbox\1356998421.thai'
0	07:32:30.345	Migration: copied from 'C:\Program Files (x86)\OANDA - MetaTrader 4\history\mailbox\1356998422.turkish' to 'C:\Users\gossd\AppData\Roaming\MetaQuotes\Terminal\7E6C4A6F67D435CAE80890D8C1401332\history\mailbox\1356998422.turkish'
0	07:32:30.346	Migration: copied from 'C:\Program Files (x86)\OANDA - MetaTrader 4\history\mailbox\1356998423.uzbek' to 'C:\Users\gossd\AppData\Roaming\MetaQuotes\Terminal\7E6C4A6F67D435CAE80890D8C1401332\history\mailbox\1356998423.uzbek'
0	07:32:30.347	Migration: copied from 'C:\Program Files (x86)\OANDA - MetaTrader 4\history\mailbox\1356998424.vietnamese' to 'C:\Users\gossd\AppData\Roaming\MetaQuotes\Terminal\7E6C4A6F67D435CAE80890D8C1401332\history\mailbox\1356998424.vietnamese'
0	07:32:30.356	Migration: copied from 'C:\Program Files (x86)\OANDA - MetaTrader 4\history\mailbox\1356998425.arabic' to 'C:\Users\gossd\AppData\Roaming\MetaQuotes\Terminal\7E6C4A6F67D435CAE80890D8C1401332\history\mailbox\1356998425.arabic'
0	07:32:30.356	Migration: copied from 'C:\Program Files (x86)\OANDA - MetaTrader 4\history\mailbox\1356998426.bulgarian' to 'C:\Users\gossd\AppData\Roaming\MetaQuotes\Terminal\7E6C4A6F67D435CAE80890D8C1401332\history\mailbox\1356998426.bulgarian'
0	07:32:30.356	Migration: copied from 'C:\Program Files (x86)\OANDA - MetaTrader 4\history\mailbox\1356998427.chinese (simplified)' to 'C:\Users\gossd\AppData\Roaming\MetaQuotes\Terminal\7E6C4A6F67D435CAE80890D8C1401332\history\mailbox\1356998427.chinese (simplified)'
0	07:32:30.356	Migration: copied from 'C:\Program Files (x86)\OANDA - MetaTrader 4\history\mailbox\1356998428.chinese (traditional)' to 'C:\Users\gossd\AppData\Roaming\MetaQuotes\Terminal\7E6C4A6F67D435CAE80890D8C1401332\history\mailbox\1356998428.chinese (traditional)'
0	07:32:30.356	Migration: copied from 'C:\Program Files (x86)\OANDA - MetaTrader 4\history\mailbox\1356998429.czech' to 'C:\Users\gossd\AppData\Roaming\MetaQuotes\Terminal\7E6C4A6F67D435CAE80890D8C1401332\history\mailbox\1356998429.czech'
0	07:32:30.356	Migration: copied from 'C:\Program Files (x86)\OANDA - MetaTrader 4\history\mailbox\1356998430.english' to 'C:\Users\gossd\AppData\Roaming\MetaQuotes\Terminal\7E6C4A6F67D435CAE80890D8C1401332\history\mailbox\1356998430.english'
0	07:32:30.356	Migration: copied from 'C:\Program Files (x86)\OANDA - MetaTrader 4\history\mailbox\1356998431.french' to 'C:\Users\gossd\AppData\Roaming\MetaQuotes\Terminal\7E6C4A6F67D435CAE80890D8C1401332\history\mailbox\1356998431.french'
0	07:32:30.356	Migration: copied from 'C:\Program Files (x86)\OANDA - MetaTrader 4\history\mailbox\1356998432.german' to 'C:\Users\gossd\AppData\Roaming\MetaQuotes\Terminal\7E6C4A6F67D435CAE80890D8C1401332\history\mailbox\1356998432.german'
0	07:32:30.356	Migration: copied from 'C:\Program Files (x86)\OANDA - MetaTrader 4\history\mailbox\1356998433.greek' to 'C:\Users\gossd\AppData\Roaming\MetaQuotes\Terminal\7E6C4A6F67D435CAE80890D8C1401332\history\mailbox\1356998433.greek'
0	07:32:30.356	Migration: copied from 'C:\Program Files (x86)\OANDA - MetaTrader 4\history\mailbox\1356998434.hebrew' to 'C:\Users\gossd\AppData\Roaming\MetaQuotes\Terminal\7E6C4A6F67D435CAE80890D8C1401332\history\mailbox\1356998434.hebrew'
0	07:32:30.356	Migration: copied from 'C:\Program Files (x86)\OANDA - MetaTrader 4\history\mailbox\1356998435.hungarian' to 'C:\Users\gossd\AppData\Roaming\MetaQuotes\Terminal\7E6C4A6F67D435CAE80890D8C1401332\history\mailbox\1356998435.hungarian'
0	07:32:30.372	Migration: copied from 'C:\Program Files (x86)\OANDA - MetaTrader 4\history\mailbox\1356998436.indonesian' to 'C:\Users\gossd\AppData\Roaming\MetaQuotes\Terminal\7E6C4A6F67D435CAE80890D8C1401332\history\mailbox\1356998436.indonesian'
0	07:32:30.372	Migration: copied from 'C:\Program Files (x86)\OANDA - MetaTrader 4\history\mailbox\1356998437.italian' to 'C:\Users\gossd\AppData\Roaming\MetaQuotes\Terminal\7E6C4A6F67D435CAE80890D8C1401332\history\mailbox\1356998437.italian'
0	07:32:30.372	Migration: copied from 'C:\Program Files (x86)\OANDA - MetaTrader 4\history\mailbox\1356998438.japanese' to 'C:\Users\gossd\AppData\Roaming\MetaQuotes\Terminal\7E6C4A6F67D435CAE80890D8C1401332\history\mailbox\1356998438.japanese'
0	07:32:30.372	Migration: copied from 'C:\Program Files (x86)\OANDA - MetaTrader 4\history\mailbox\1356998439.malay' to 'C:\Users\gossd\AppData\Roaming\MetaQuotes\Terminal\7E6C4A6F67D435CAE80890D8C1401332\history\mailbox\1356998439.malay'
0	07:32:30.372	Migration: copied from 'C:\Program Files (x86)\OANDA - MetaTrader 4\history\mailbox\1356998440.polish' to 'C:\Users\gossd\AppData\Roaming\MetaQuotes\Terminal\7E6C4A6F67D435CAE80890D8C1401332\history\mailbox\1356998440.polish'
0	07:32:30.372	Migration: copied from 'C:\Program Files (x86)\OANDA - MetaTrader 4\history\mailbox\1356998441.portuguese' to 'C:\Users\gossd\AppData\Roaming\MetaQuotes\Terminal\7E6C4A6F67D435CAE80890D8C1401332\history\mailbox\1356998441.portuguese'
0	07:32:30.372	Migration: copied from 'C:\Program Files (x86)\OANDA - MetaTrader 4\history\mailbox\1356998442.russian' to 'C:\Users\gossd\AppData\Roaming\MetaQuotes\Terminal\7E6C4A6F67D435CAE80890D8C1401332\history\mailbox\1356998442.russian'
0	07:32:30.372	Migration: copied from 'C:\Program Files (x86)\OANDA - MetaTrader 4\history\mailbox\1356998443.slovenian' to 'C:\Users\gossd\AppData\Roaming\MetaQuotes\Terminal\7E6C4A6F67D435CAE80890D8C1401332\history\mailbox\1356998443.slovenian'
0	07:32:30.372	Migration: copied from 'C:\Program Files (x86)\OANDA - MetaTrader 4\history\mailbox\1356998444.spanish' to 'C:\Users\gossd\AppData\Roaming\MetaQuotes\Terminal\7E6C4A6F67D435CAE80890D8C1401332\history\mailbox\1356998444.spanish'
0	07:32:30.372	Migration: copied from 'C:\Program Files (x86)\OANDA - MetaTrader 4\history\mailbox\1356998445.tajik' to 'C:\Users\gossd\AppData\Roaming\MetaQuotes\Terminal\7E6C4A6F67D435CAE80890D8C1401332\history\mailbox\1356998445.tajik'
0	07:32:30.372	Migration: copied from 'C:\Program Files (x86)\OANDA - MetaTrader 4\history\mailbox\1356998446.thai' to 'C:\Users\gossd\AppData\Roaming\MetaQuotes\Terminal\7E6C4A6F67D435CAE80890D8C1401332\history\mailbox\1356998446.thai'
0	07:32:30.372	Migration: copied from 'C:\Program Files (x86)\OANDA - MetaTrader 4\history\mailbox\1356998447.turkish' to 'C:\Users\gossd\AppData\Roaming\MetaQuotes\Terminal\7E6C4A6F67D435CAE80890D8C1401332\history\mailbox\1356998447.turkish'
0	07:32:30.387	Migration: copied from 'C:\Program Files (x86)\OANDA - MetaTrader 4\history\mailbox\1356998448.uzbek' to 'C:\Users\gossd\AppData\Roaming\MetaQuotes\Terminal\7E6C4A6F67D435CAE80890D8C1401332\history\mailbox\1356998448.uzbek'
0	07:32:30.387	Migration: copied from 'C:\Program Files (x86)\OANDA - MetaTrader 4\history\mailbox\1356998449.vietnamese' to 'C:\Users\gossd\AppData\Roaming\MetaQuotes\Terminal\7E6C4A6F67D435CAE80890D8C1401332\history\mailbox\1356998449.vietnamese'
0	07:32:30.387	Migration: copied from 'C:\Program Files (x86)\OANDA - MetaTrader 4\history\mailbox\1356998450.arabic' to 'C:\Users\gossd\AppData\Roaming\MetaQuotes\Terminal\7E6C4A6F67D435CAE80890D8C1401332\history\mailbox\1356998450.arabic'
0	07:32:30.387	Migration: copied from 'C:\Program Files (x86)\OANDA - MetaTrader 4\history\mailbox\1356998451.bulgarian' to 'C:\Users\gossd\AppData\Roaming\MetaQuotes\Terminal\7E6C4A6F67D435CAE80890D8C1401332\history\mailbox\1356998451.bulgarian'
0	07:32:30.387	Migration: copied from 'C:\Program Files (x86)\OANDA - MetaTrader 4\history\mailbox\1356998452.chinese (simplified)' to 'C:\Users\gossd\AppData\Roaming\MetaQuotes\Terminal\7E6C4A6F67D435CAE80890D8C1401332\history\mailbox\1356998452.chinese (simplified)'
0	07:32:30.387	Migration: copied from 'C:\Program Files (x86)\OANDA - MetaTrader 4\history\mailbox\1356998453.chinese (traditional)' to 'C:\Users\gossd\AppData\Roaming\MetaQuotes\Terminal\7E6C4A6F67D435CAE80890D8C1401332\history\mailbox\1356998453.chinese (traditional)'
0	07:32:30.387	Migration: copied from 'C:\Program Files (x86)\OANDA - MetaTrader 4\history\mailbox\1356998454.czech' to 'C:\Users\gossd\AppData\Roaming\MetaQuotes\Terminal\7E6C4A6F67D435CAE80890D8C1401332\history\mailbox\1356998454.czech'
0	07:32:30.387	Migration: copied from 'C:\Program Files (x86)\OANDA - MetaTrader 4\history\mailbox\1356998455.english' to 'C:\Users\gossd\AppData\Roaming\MetaQuotes\Terminal\7E6C4A6F67D435CAE80890D8C1401332\history\mailbox\1356998455.english'
0	07:32:30.387	Migration: copied from 'C:\Program Files (x86)\OANDA - MetaTrader 4\history\mailbox\1356998456.french' to 'C:\Users\gossd\AppData\Roaming\MetaQuotes\Terminal\7E6C4A6F67D435CAE80890D8C1401332\history\mailbox\1356998456.french'
0	07:32:30.387	Migration: copied from 'C:\Program Files (x86)\OANDA - MetaTrader 4\history\mailbox\1356998457.german' to 'C:\Users\gossd\AppData\Roaming\MetaQuotes\Terminal\7E6C4A6F67D435CAE80890D8C1401332\history\mailbox\1356998457.german'
0	07:32:30.403	Migration: copied from 'C:\Program Files (x86)\OANDA - MetaTrader 4\history\mailbox\1356998458.greek' to 'C:\Users\gossd\AppData\Roaming\MetaQuotes\Terminal\7E6C4A6F67D435CAE80890D8C1401332\history\mailbox\1356998458.greek'
0	07:32:30.403	Migration: copied from 'C:\Program Files (x86)\OANDA - MetaTrader 4\history\mailbox\1356998459.hebrew' to 'C:\Users\gossd\AppData\Roaming\MetaQuotes\Terminal\7E6C4A6F67D435CAE80890D8C1401332\history\mailbox\1356998459.hebrew'
0	07:32:30.403	Migration: copied from 'C:\Program Files (x86)\OANDA - MetaTrader 4\history\mailbox\1356998460.hungarian' to 'C:\Users\gossd\AppData\Roaming\MetaQuotes\Terminal\7E6C4A6F67D435CAE80890D8C1401332\history\mailbox\1356998460.hungarian'
0	07:32:30.403	Migration: copied from 'C:\Program Files (x86)\OANDA - MetaTrader 4\history\mailbox\1356998461.indonesian' to 'C:\Users\gossd\AppData\Roaming\MetaQuotes\Terminal\7E6C4A6F67D435CAE80890D8C1401332\history\mailbox\1356998461.indonesian'
0	07:32:30.403	Migration: copied from 'C:\Program Files (x86)\OANDA - MetaTrader 4\history\mailbox\1356998462.italian' to 'C:\Users\gossd\AppData\Roaming\MetaQuotes\Terminal\7E6C4A6F67D435CAE80890D8C1401332\history\mailbox\1356998462.italian'
0	07:32:30.419	Migration: copied from 'C:\Program Files (x86)\OANDA - MetaTrader 4\history\mailbox\1356998463.japanese' to 'C:\Users\gossd\AppData\Roaming\MetaQuotes\Terminal\7E6C4A6F67D435CAE80890D8C1401332\history\mailbox\1356998463.japanese'
0	07:32:30.419	Migration: copied from 'C:\Program Files (x86)\OANDA - MetaTrader 4\history\mailbox\1356998464.malay' to 'C:\Users\gossd\AppData\Roaming\MetaQuotes\Terminal\7E6C4A6F67D435CAE80890D8C1401332\history\mailbox\1356998464.malay'
0	07:32:30.419	Migration: copied from 'C:\Program Files (x86)\OANDA - MetaTrader 4\history\mailbox\1356998465.polish' to 'C:\Users\gossd\AppData\Roaming\MetaQuotes\Terminal\7E6C4A6F67D435CAE80890D8C1401332\history\mailbox\1356998465.polish'
0	07:32:30.419	Migration: copied from 'C:\Program Files (x86)\OANDA - MetaTrader 4\history\mailbox\1356998466.portuguese' to 'C:\Users\gossd\AppData\Roaming\MetaQuotes\Terminal\7E6C4A6F67D435CAE80890D8C1401332\history\mailbox\1356998466.portuguese'
0	07:32:30.419	Migration: copied from 'C:\Program Files (x86)\OANDA - MetaTrader 4\history\mailbox\1356998467.russian' to 'C:\Users\gossd\AppData\Roaming\MetaQuotes\Terminal\7E6C4A6F67D435CAE80890D8C1401332\history\mailbox\1356998467.russian'
0	07:32:30.419	Migration: copied from 'C:\Program Files (x86)\OANDA - MetaTrader 4\history\mailbox\1356998468.slovenian' to 'C:\Users\gossd\AppData\Roaming\MetaQuotes\Terminal\7E6C4A6F67D435CAE80890D8C1401332\history\mailbox\1356998468.slovenian'
0	07:32:30.419	Migration: copied from 'C:\Program Files (x86)\OANDA - MetaTrader 4\history\mailbox\1356998469.spanish' to 'C:\Users\gossd\AppData\Roaming\MetaQuotes\Terminal\7E6C4A6F67D435CAE80890D8C1401332\history\mailbox\1356998469.spanish'
0	07:32:30.434	Migration: copied from 'C:\Program Files (x86)\OANDA - MetaTrader 4\history\mailbox\1356998470.tajik' to 'C:\Users\gossd\AppData\Roaming\MetaQuotes\Terminal\7E6C4A6F67D435CAE80890D8C1401332\history\mailbox\1356998470.tajik'
0	07:32:30.434	Migration: copied from 'C:\Program Files (x86)\OANDA - MetaTrader 4\history\mailbox\1356998471.thai' to 'C:\Users\gossd\AppData\Roaming\MetaQuotes\Terminal\7E6C4A6F67D435CAE80890D8C1401332\history\mailbox\1356998471.thai'
0	07:32:30.434	Migration: copied from 'C:\Program Files (x86)\OANDA - MetaTrader 4\history\mailbox\1356998472.turkish' to 'C:\Users\gossd\AppData\Roaming\MetaQuotes\Terminal\7E6C4A6F67D435CAE80890D8C1401332\history\mailbox\1356998472.turkish'
0	07:32:30.434	Migration: copied from 'C:\Program Files (x86)\OANDA - MetaTrader 4\history\mailbox\1356998473.uzbek' to 'C:\Users\gossd\AppData\Roaming\MetaQuotes\Terminal\7E6C4A6F67D435CAE80890D8C1401332\history\mailbox\1356998473.uzbek'
0	07:32:30.434	Migration: copied from 'C:\Program Files (x86)\OANDA - MetaTrader 4\history\mailbox\1356998474.vietnamese' to 'C:\Users\gossd\AppData\Roaming\MetaQuotes\Terminal\7E6C4A6F67D435CAE80890D8C1401332\history\mailbox\1356998474.vietnamese'
0	07:32:30.434	Migration: copied from 'C:\Program Files (x86)\OANDA - MetaTrader 4\history\mailbox\1356998475.arabic' to 'C:\Users\gossd\AppData\Roaming\MetaQuotes\Terminal\7E6C4A6F67D435CAE80890D8C1401332\history\mailbox\1356998475.arabic'
0	07:32:30.450	Migration: copied from 'C:\Program Files (x86)\OANDA - MetaTrader 4\history\mailbox\1356998476.bulgarian' to 'C:\Users\gossd\AppData\Roaming\MetaQuotes\Terminal\7E6C4A6F67D435CAE80890D8C1401332\history\mailbox\1356998476.bulgarian'
0	07:32:30.450	Migration: copied from 'C:\Program Files (x86)\OANDA - MetaTrader 4\history\mailbox\1356998477.chinese (simplified)' to 'C:\Users\gossd\AppData\Roaming\MetaQuotes\Terminal\7E6C4A6F67D435CAE80890D8C1401332\history\mailbox\1356998477.chinese (simplified)'
0	07:32:30.450	Migration: copied from 'C:\Program Files (x86)\OANDA - MetaTrader 4\history\mailbox\1356998478.chinese (traditional)' to 'C:\Users\gossd\AppData\Roaming\MetaQuotes\Terminal\7E6C4A6F67D435CAE80890D8C1401332\history\mailbox\1356998478.chinese (traditional)'
0	07:32:30.450	Migration: copied from 'C:\Program Files (x86)\OANDA - MetaTrader 4\history\mailbox\1356998479.czech' to 'C:\Users\gossd\AppData\Roaming\MetaQuotes\Terminal\7E6C4A6F67D435CAE80890D8C1401332\history\mailbox\1356998479.czech'
0	07:32:30.450	Migration: copied from 'C:\Program Files (x86)\OANDA - MetaTrader 4\history\mailbox\1356998480.english' to 'C:\Users\gossd\AppData\Roaming\MetaQuotes\Terminal\7E6C4A6F67D435CAE80890D8C1401332\history\mailbox\1356998480.english'
0	07:32:30.450	Migration: copied from 'C:\Program Files (x86)\OANDA - MetaTrader 4\history\mailbox\1356998481.french' to 'C:\Users\gossd\AppData\Roaming\MetaQuotes\Terminal\7E6C4A6F67D435CAE80890D8C1401332\history\mailbox\1356998481.french'
0	07:32:30.450	Migration: copied from 'C:\Program Files (x86)\OANDA - MetaTrader 4\history\mailbox\1356998482.german' to 'C:\Users\gossd\AppData\Roaming\MetaQuotes\Terminal\7E6C4A6F67D435CAE80890D8C1401332\history\mailbox\1356998482.german'
0	07:32:30.450	Migration: copied from 'C:\Program Files (x86)\OANDA - MetaTrader 4\history\mailbox\1356998483.greek' to 'C:\Users\gossd\AppData\Roaming\MetaQuotes\Terminal\7E6C4A6F67D435CAE80890D8C1401332\history\mailbox\1356998483.greek'
0	07:32:30.466	Migration: copied from 'C:\Program Files (x86)\OANDA - MetaTrader 4\history\mailbox\1356998484.hebrew' to 'C:\Users\gossd\AppData\Roaming\MetaQuotes\Terminal\7E6C4A6F67D435CAE80890D8C1401332\history\mailbox\1356998484.hebrew'
0	07:32:30.466	Migration: copied from 'C:\Program Files (x86)\OANDA - MetaTrader 4\history\mailbox\1356998485.hungarian' to 'C:\Users\gossd\AppData\Roaming\MetaQuotes\Terminal\7E6C4A6F67D435CAE80890D8C1401332\history\mailbox\1356998485.hungarian'
0	07:32:30.466	Migration: copied from 'C:\Program Files (x86)\OANDA - MetaTrader 4\history\mailbox\1356998486.indonesian' to 'C:\Users\gossd\AppData\Roaming\MetaQuotes\Terminal\7E6C4A6F67D435CAE80890D8C1401332\history\mailbox\1356998486.indonesian'
0	07:32:30.466	Migration: copied from 'C:\Program Files (x86)\OANDA - MetaTrader 4\history\mailbox\1356998487.italian' to 'C:\Users\gossd\AppData\Roaming\MetaQuotes\Terminal\7E6C4A6F67D435CAE80890D8C1401332\history\mailbox\1356998487.italian'
0	07:32:30.466	Migration: copied from 'C:\Program Files (x86)\OANDA - MetaTrader 4\history\mailbox\1356998488.japanese' to 'C:\Users\gossd\AppData\Roaming\MetaQuotes\Terminal\7E6C4A6F67D435CAE80890D8C1401332\history\mailbox\1356998488.japanese'
0	07:32:30.466	Migration: copied from 'C:\Program Files (x86)\OANDA - MetaTrader 4\history\mailbox\1356998489.malay' to 'C:\Users\gossd\AppData\Roaming\MetaQuotes\Terminal\7E6C4A6F67D435CAE80890D8C1401332\history\mailbox\1356998489.malay'
0	07:32:30.466	Migration: copied from 'C:\Program Files (x86)\OANDA - MetaTrader 4\history\mailbox\1356998490.polish' to 'C:\Users\gossd\AppData\Roaming\MetaQuotes\Terminal\7E6C4A6F67D435CAE80890D8C1401332\history\mailbox\1356998490.polish'
0	07:32:30.466	Migration: copied from 'C:\Program Files (x86)\OANDA - MetaTrader 4\history\mailbox\1356998491.portuguese' to 'C:\Users\gossd\AppData\Roaming\MetaQuotes\Terminal\7E6C4A6F67D435CAE80890D8C1401332\history\mailbox\1356998491.portuguese'
0	07:32:30.466	Migration: copied from 'C:\Program Files (x86)\OANDA - MetaTrader 4\history\mailbox\1356998492.russian' to 'C:\Users\gossd\AppData\Roaming\MetaQuotes\Terminal\7E6C4A6F67D435CAE80890D8C1401332\history\mailbox\1356998492.russian'
0	07:32:30.466	Migration: copied from 'C:\Program Files (x86)\OANDA - MetaTrader 4\history\mailbox\1356998493.slovenian' to 'C:\Users\gossd\AppData\Roaming\MetaQuotes\Terminal\7E6C4A6F67D435CAE80890D8C1401332\history\mailbox\1356998493.slovenian'
0	07:32:30.466	Migration: copied from 'C:\Program Files (x86)\OANDA - MetaTrader 4\history\mailbox\1356998494.spanish' to 'C:\Users\gossd\AppData\Roaming\MetaQuotes\Terminal\7E6C4A6F67D435CAE80890D8C1401332\history\mailbox\1356998494.spanish'
0	07:32:30.481	Migration: copied from 'C:\Program Files (x86)\OANDA - MetaTrader 4\history\mailbox\1356998495.tajik' to 'C:\Users\gossd\AppData\Roaming\MetaQuotes\Terminal\7E6C4A6F67D435CAE80890D8C1401332\history\mailbox\1356998495.tajik'
0	07:32:30.481	Migration: copied from 'C:\Program Files (x86)\OANDA - MetaTrader 4\history\mailbox\1356998496.thai' to 'C:\Users\gossd\AppData\Roaming\MetaQuotes\Terminal\7E6C4A6F67D435CAE80890D8C1401332\history\mailbox\1356998496.thai'
0	07:32:30.481	Migration: copied from 'C:\Program Files (x86)\OANDA - MetaTrader 4\history\mailbox\1356998497.turkish' to 'C:\Users\gossd\AppData\Roaming\MetaQuotes\Terminal\7E6C4A6F67D435CAE80890D8C1401332\history\mailbox\1356998497.turkish'
0	07:32:30.481	Migration: copied from 'C:\Program Files (x86)\OANDA - MetaTrader 4\history\mailbox\1356998498.uzbek' to 'C:\Users\gossd\AppData\Roaming\MetaQuotes\Terminal\7E6C4A6F67D435CAE80890D8C1401332\history\mailbox\1356998498.uzbek'
0	07:32:30.481	Migration: copied from 'C:\Program Files (x86)\OANDA - MetaTrader 4\history\mailbox\1356998499.vietnamese' to 'C:\Users\gossd\AppData\Roaming\MetaQuotes\Terminal\7E6C4A6F67D435CAE80890D8C1401332\history\mailbox\1356998499.vietnamese'
0	07:32:30.481	Migration: copied from 'C:\Program Files (x86)\OANDA - MetaTrader 4\history\mailbox\1356998500.arabic' to 'C:\Users\gossd\AppData\Roaming\MetaQuotes\Terminal\7E6C4A6F67D435CAE80890D8C1401332\history\mailbox\1356998500.arabic'
0	07:32:30.481	Migration: copied from 'C:\Program Files (x86)\OANDA - MetaTrader 4\history\mailbox\1356998501.bulgarian' to 'C:\Users\gossd\AppData\Roaming\MetaQuotes\Terminal\7E6C4A6F67D435CAE80890D8C1401332\history\mailbox\1356998501.bulgarian'
0	07:32:30.481	Migration: copied from 'C:\Program Files (x86)\OANDA - MetaTrader 4\history\mailbox\1356998502.chinese (simplified)' to 'C:\Users\gossd\AppData\Roaming\MetaQuotes\Terminal\7E6C4A6F67D435CAE80890D8C1401332\history\mailbox\1356998502.chinese (simplified)'
0	07:32:30.481	Migration: copied from 'C:\Program Files (x86)\OANDA - MetaTrader 4\history\mailbox\1356998503.chinese (traditional)' to 'C:\Users\gossd\AppData\Roaming\MetaQuotes\Terminal\7E6C4A6F67D435CAE80890D8C1401332\history\mailbox\1356998503.chinese (traditional)'
0	07:32:30.481	Migration: copied from 'C:\Program Files (x86)\OANDA - MetaTrader 4\history\mailbox\1356998504.czech' to 'C:\Users\gossd\AppData\Roaming\MetaQuotes\Terminal\7E6C4A6F67D435CAE80890D8C1401332\history\mailbox\1356998504.czech'
0	07:32:30.481	Migration: copied from 'C:\Program Files (x86)\OANDA - MetaTrader 4\history\mailbox\1356998505.english' to 'C:\Users\gossd\AppData\Roaming\MetaQuotes\Terminal\7E6C4A6F67D435CAE80890D8C1401332\history\mailbox\1356998505.english'
0	07:32:30.481	Migration: copied from 'C:\Program Files (x86)\OANDA - MetaTrader 4\history\mailbox\1356998506.french' to 'C:\Users\gossd\AppData\Roaming\MetaQuotes\Terminal\7E6C4A6F67D435CAE80890D8C1401332\history\mailbox\1356998506.french'
0	07:32:30.497	Migration: copied from 'C:\Program Files (x86)\OANDA - MetaTrader 4\history\mailbox\1356998507.german' to 'C:\Users\gossd\AppData\Roaming\MetaQuotes\Terminal\7E6C4A6F67D435CAE80890D8C1401332\history\mailbox\1356998507.german'
0	07:32:30.497	Migration: copied from 'C:\Program Files (x86)\OANDA - MetaTrader 4\history\mailbox\1356998508.greek' to 'C:\Users\gossd\AppData\Roaming\MetaQuotes\Terminal\7E6C4A6F67D435CAE80890D8C1401332\history\mailbox\1356998508.greek'
0	07:32:30.497	Migration: copied from 'C:\Program Files (x86)\OANDA - MetaTrader 4\history\mailbox\1356998509.hebrew' to 'C:\Users\gossd\AppData\Roaming\MetaQuotes\Terminal\7E6C4A6F67D435CAE80890D8C1401332\history\mailbox\1356998509.hebrew'
0	07:32:30.497	Migration: copied from 'C:\Program Files (x86)\OANDA - MetaTrader 4\history\mailbox\1356998510.hungarian' to 'C:\Users\gossd\AppData\Roaming\MetaQuotes\Terminal\7E6C4A6F67D435CAE80890D8C1401332\history\mailbox\1356998510.hungarian'
0	07:32:30.497	Migration: copied from 'C:\Program Files (x86)\OANDA - MetaTrader 4\history\mailbox\1356998511.indonesian' to 'C:\Users\gossd\AppData\Roaming\MetaQuotes\Terminal\7E6C4A6F67D435CAE80890D8C1401332\history\mailbox\1356998511.indonesian'
0	07:32:30.497	Migration: copied from 'C:\Program Files (x86)\OANDA - MetaTrader 4\history\mailbox\1356998512.italian' to 'C:\Users\gossd\AppData\Roaming\MetaQuotes\Terminal\7E6C4A6F67D435CAE80890D8C1401332\history\mailbox\1356998512.italian'
0	07:32:30.497	Migration: copied from 'C:\Program Files (x86)\OANDA - MetaTrader 4\history\mailbox\1356998513.japanese' to 'C:\Users\gossd\AppData\Roaming\MetaQuotes\Terminal\7E6C4A6F67D435CAE80890D8C1401332\history\mailbox\1356998513.japanese'
0	07:32:30.497	Migration: copied from 'C:\Program Files (x86)\OANDA - MetaTrader 4\history\mailbox\1356998514.malay' to 'C:\Users\gossd\AppData\Roaming\MetaQuotes\Terminal\7E6C4A6F67D435CAE80890D8C1401332\history\mailbox\1356998514.malay'
0	07:32:30.497	Migration: copied from 'C:\Program Files (x86)\OANDA - MetaTrader 4\history\mailbox\1356998515.polish' to 'C:\Users\gossd\AppData\Roaming\MetaQuotes\Terminal\7E6C4A6F67D435CAE80890D8C1401332\history\mailbox\1356998515.polish'
0	07:32:30.497	Migration: copied from 'C:\Program Files (x86)\OANDA - MetaTrader 4\history\mailbox\1356998516.portuguese' to 'C:\Users\gossd\AppData\Roaming\MetaQuotes\Terminal\7E6C4A6F67D435CAE80890D8C1401332\history\mailbox\1356998516.portuguese'
0	07:32:30.497	Migration: copied from 'C:\Program Files (x86)\OANDA - MetaTrader 4\history\mailbox\1356998517.russian' to 'C:\Users\gossd\AppData\Roaming\MetaQuotes\Terminal\7E6C4A6F67D435CAE80890D8C1401332\history\mailbox\1356998517.russian'
0	07:32:30.497	Migration: copied from 'C:\Program Files (x86)\OANDA - MetaTrader 4\history\mailbox\1356998518.slovenian' to 'C:\Users\gossd\AppData\Roaming\MetaQuotes\Terminal\7E6C4A6F67D435CAE80890D8C1401332\history\mailbox\1356998518.slovenian'
0	07:32:30.497	Migration: copied from 'C:\Program Files (x86)\OANDA - MetaTrader 4\history\mailbox\1356998519.spanish' to 'C:\Users\gossd\AppData\Roaming\MetaQuotes\Terminal\7E6C4A6F67D435CAE80890D8C1401332\history\mailbox\1356998519.spanish'
0	07:32:30.512	Migration: copied from 'C:\Program Files (x86)\OANDA - MetaTrader 4\history\mailbox\1356998520.tajik' to 'C:\Users\gossd\AppData\Roaming\MetaQuotes\Terminal\7E6C4A6F67D435CAE80890D8C1401332\history\mailbox\1356998520.tajik'
0	07:32:30.512	Migration: copied from 'C:\Program Files (x86)\OANDA - MetaTrader 4\history\mailbox\1356998521.thai' to 'C:\Users\gossd\AppData\Roaming\MetaQuotes\Terminal\7E6C4A6F67D435CAE80890D8C1401332\history\mailbox\1356998521.thai'
0	07:32:30.512	Migration: copied from 'C:\Program Files (x86)\OANDA - MetaTrader 4\history\mailbox\1356998522.turkish' to 'C:\Users\gossd\AppData\Roaming\MetaQuotes\Terminal\7E6C4A6F67D435CAE80890D8C1401332\history\mailbox\1356998522.turkish'
0	07:32:30.512	Migration: copied from 'C:\Program Files (x86)\OANDA - MetaTrader 4\history\mailbox\1356998523.uzbek' to 'C:\Users\gossd\AppData\Roaming\MetaQuotes\Terminal\7E6C4A6F67D435CAE80890D8C1401332\history\mailbox\1356998523.uzbek'
0	07:32:30.512	Migration: copied from 'C:\Program Files (x86)\OANDA - MetaTrader 4\history\mailbox\1356998524.vietnamese' to 'C:\Users\gossd\AppData\Roaming\MetaQuotes\Terminal\7E6C4A6F67D435CAE80890D8C1401332\history\mailbox\1356998524.vietnamese'
0	07:32:30.512	Migration: copied from 'C:\Program Files (x86)\OANDA - MetaTrader 4\history\mailbox\1356998525.arabic' to 'C:\Users\gossd\AppData\Roaming\MetaQuotes\Terminal\7E6C4A6F67D435CAE80890D8C1401332\history\mailbox\1356998525.arabic'
0	07:32:30.512	Migration: copied from 'C:\Program Files (x86)\OANDA - MetaTrader 4\history\mailbox\1356998526.bulgarian' to 'C:\Users\gossd\AppData\Roaming\MetaQuotes\Terminal\7E6C4A6F67D435CAE80890D8C1401332\history\mailbox\1356998526.bulgarian'
0	07:32:30.512	Migration: copied from 'C:\Program Files (x86)\OANDA - MetaTrader 4\history\mailbox\1356998527.chinese (simplified)' to 'C:\Users\gossd\AppData\Roaming\MetaQuotes\Terminal\7E6C4A6F67D435CAE80890D8C1401332\history\mailbox\1356998527.chinese (simplified)'
0	07:32:30.512	Migration: copied from 'C:\Program Files (x86)\OANDA - MetaTrader 4\history\mailbox\1356998528.chinese (traditional)' to 'C:\Users\gossd\AppData\Roaming\MetaQuotes\Terminal\7E6C4A6F67D435CAE80890D8C1401332\history\mailbox\1356998528.chinese (traditional)'
0	07:32:30.528	Migration: copied from 'C:\Program Files (x86)\OANDA - MetaTrader 4\history\mailbox\1356998529.czech' to 'C:\Users\gossd\AppData\Roaming\MetaQuotes\Terminal\7E6C4A6F67D435CAE80890D8C1401332\history\mailbox\1356998529.czech'
0	07:32:30.528	Migration: copied from 'C:\Program Files (x86)\OANDA - MetaTrader 4\history\mailbox\1356998530.english' to 'C:\Users\gossd\AppData\Roaming\MetaQuotes\Terminal\7E6C4A6F67D435CAE80890D8C1401332\history\mailbox\1356998530.english'
0	07:32:30.528	Migration: copied from 'C:\Program Files (x86)\OANDA - MetaTrader 4\history\mailbox\1356998531.french' to 'C:\Users\gossd\AppData\Roaming\MetaQuotes\Terminal\7E6C4A6F67D435CAE80890D8C1401332\history\mailbox\1356998531.french'
0	07:32:30.528	Migration: copied from 'C:\Program Files (x86)\OANDA - MetaTrader 4\history\mailbox\1356998532.german' to 'C:\Users\gossd\AppData\Roaming\MetaQuotes\Terminal\7E6C4A6F67D435CAE80890D8C1401332\history\mailbox\1356998532.german'
0	07:32:30.528	Migration: copied from 'C:\Program Files (x86)\OANDA - MetaTrader 4\history\mailbox\1356998533.greek' to 'C:\Users\gossd\AppData\Roaming\MetaQuotes\Terminal\7E6C4A6F67D435CAE80890D8C1401332\history\mailbox\1356998533.greek'
0	07:32:30.528	Migration: copied from 'C:\Program Files (x86)\OANDA - MetaTrader 4\history\mailbox\1356998534.hebrew' to 'C:\Users\gossd\AppData\Roaming\MetaQuotes\Terminal\7E6C4A6F67D435CAE80890D8C1401332\history\mailbox\1356998534.hebrew'
0	07:32:30.528	Migration: copied from 'C:\Program Files (x86)\OANDA - MetaTrader 4\history\mailbox\1356998534.hungarian' to 'C:\Users\gossd\AppData\Roaming\MetaQuotes\Terminal\7E6C4A6F67D435CAE80890D8C1401332\history\mailbox\1356998534.hungarian'
0	07:32:30.528	Migration: copied from 'C:\Program Files (x86)\OANDA - MetaTrader 4\history\mailbox\1356998535.italian' to 'C:\Users\gossd\AppData\Roaming\MetaQuotes\Terminal\7E6C4A6F67D435CAE80890D8C1401332\history\mailbox\1356998535.italian'
0	07:32:30.528	Migration: copied from 'C:\Program Files (x86)\OANDA - MetaTrader 4\history\mailbox\1356998536.indonesian' to 'C:\Users\gossd\AppData\Roaming\MetaQuotes\Terminal\7E6C4A6F67D435CAE80890D8C1401332\history\mailbox\1356998536.indonesian'
0	07:32:30.528	Migration: copied from 'C:\Program Files (x86)\OANDA - MetaTrader 4\history\mailbox\1356998536.japanese' to 'C:\Users\gossd\AppData\Roaming\MetaQuotes\Terminal\7E6C4A6F67D435CAE80890D8C1401332\history\mailbox\1356998536.japanese'
0	07:32:30.528	Migration: copied from 'C:\Program Files (x86)\OANDA - MetaTrader 4\history\mailbox\1356998537.malay' to 'C:\Users\gossd\AppData\Roaming\MetaQuotes\Terminal\7E6C4A6F67D435CAE80890D8C1401332\history\mailbox\1356998537.malay'
0	07:32:30.528	Migration: copied from 'C:\Program Files (x86)\OANDA - MetaTrader 4\history\mailbox\1356998538.polish' to 'C:\Users\gossd\AppData\Roaming\MetaQuotes\Terminal\7E6C4A6F67D435CAE80890D8C1401332\history\mailbox\1356998538.polish'
0	07:32:30.544	Migration: copied from 'C:\Program Files (x86)\OANDA - MetaTrader 4\history\mailbox\1356998539.portuguese' to 'C:\Users\gossd\AppData\Roaming\MetaQuotes\Terminal\7E6C4A6F67D435CAE80890D8C1401332\history\mailbox\1356998539.portuguese'
0	07:32:30.544	Migration: copied from 'C:\Program Files (x86)\OANDA - MetaTrader 4\history\mailbox\1356998540.russian' to 'C:\Users\gossd\AppData\Roaming\MetaQuotes\Terminal\7E6C4A6F67D435CAE80890D8C1401332\history\mailbox\1356998540.russian'
0	07:32:30.544	Migration: copied from 'C:\Program Files (x86)\OANDA - MetaTrader 4\history\mailbox\1356998541.slovenian' to 'C:\Users\gossd\AppData\Roaming\MetaQuotes\Terminal\7E6C4A6F67D435CAE80890D8C1401332\history\mailbox\1356998541.slovenian'
0	07:32:30.544	Migration: copied from 'C:\Program Files (x86)\OANDA - MetaTrader 4\history\mailbox\1356998542.spanish' to 'C:\Users\gossd\AppData\Roaming\MetaQuotes\Terminal\7E6C4A6F67D435CAE80890D8C1401332\history\mailbox\1356998542.spanish'
0	07:32:30.544	Migration: copied from 'C:\Program Files (x86)\OANDA - MetaTrader 4\history\mailbox\1356998543.tajik' to 'C:\Users\gossd\AppData\Roaming\MetaQuotes\Terminal\7E6C4A6F67D435CAE80890D8C1401332\history\mailbox\1356998543.tajik'
0	07:32:30.544	Migration: copied from 'C:\Program Files (x86)\OANDA - MetaTrader 4\history\mailbox\1356998544.thai' to 'C:\Users\gossd\AppData\Roaming\MetaQuotes\Terminal\7E6C4A6F67D435CAE80890D8C1401332\history\mailbox\1356998544.thai'
0	07:32:30.544	Migration: copied from 'C:\Program Files (x86)\OANDA - MetaTrader 4\history\mailbox\1356998545.turkish' to 'C:\Users\gossd\AppData\Roaming\MetaQuotes\Terminal\7E6C4A6F67D435CAE80890D8C1401332\history\mailbox\1356998545.turkish'
0	07:32:30.544	Migration: copied from 'C:\Program Files (x86)\OANDA - MetaTrader 4\history\mailbox\1356998546.uzbek' to 'C:\Users\gossd\AppData\Roaming\MetaQuotes\Terminal\7E6C4A6F67D435CAE80890D8C1401332\history\mailbox\1356998546.uzbek'
0	07:32:30.544	Migration: copied from 'C:\Program Files (x86)\OANDA - MetaTrader 4\history\mailbox\1356998547.vietnamese' to 'C:\Users\gossd\AppData\Roaming\MetaQuotes\Terminal\7E6C4A6F67D435CAE80890D8C1401332\history\mailbox\1356998547.vietnamese'
0	07:32:30.544	Migration: mailbox folder copied from 'C:\Program Files (x86)\OANDA - MetaTrader 4' to 'C:\Users\gossd\AppData\Roaming\MetaQuotes\Terminal\7E6C4A6F67D435CAE80890D8C1401332'
0	07:32:30.559	Migration: copied from 'C:\Program Files (x86)\OANDA - MetaTrader 4\profiles\British Pound\chart01.CHR' to 'C:\Users\gossd\AppData\Roaming\MetaQuotes\Terminal\7E6C4A6F67D435CAE80890D8C1401332\profiles\British Pound\chart01.CHR'
0	07:32:30.559	Migration: copied from 'C:\Program Files (x86)\OANDA - MetaTrader 4\profiles\British Pound\chart02.CHR' to 'C:\Users\gossd\AppData\Roaming\MetaQuotes\Terminal\7E6C4A6F67D435CAE80890D8C1401332\profiles\British Pound\chart02.CHR'
0	07:32:30.559	Migration: copied from 'C:\Program Files (x86)\OANDA - MetaTrader 4\profiles\British Pound\chart03.CHR' to 'C:\Users\gossd\AppData\Roaming\MetaQuotes\Terminal\7E6C4A6F67D435CAE80890D8C1401332\profiles\British Pound\chart03.CHR'
0	07:32:30.559	Migration: copied from 'C:\Program Files (x86)\OANDA - MetaTrader 4\profiles\British Pound\order.wnd' to 'C:\Users\gossd\AppData\Roaming\MetaQuotes\Terminal\7E6C4A6F67D435CAE80890D8C1401332\profiles\British Pound\order.wnd'
0	07:32:30.559	Migration: copied from 'C:\Program Files (x86)\OANDA - MetaTrader 4\profiles\default\chart01.CHR' to 'C:\Users\gossd\AppData\Roaming\MetaQuotes\Terminal\7E6C4A6F67D435CAE80890D8C1401332\profiles\default\chart01.CHR'
0	07:32:30.559	Migration: copied from 'C:\Program Files (x86)\OANDA - MetaTrader 4\profiles\default\chart02.CHR' to 'C:\Users\gossd\AppData\Roaming\MetaQuotes\Terminal\7E6C4A6F67D435CAE80890D8C1401332\profiles\default\chart02.CHR'
0	07:32:30.559	Migration: copied from 'C:\Program Files (x86)\OANDA - MetaTrader 4\profiles\default\chart03.CHR' to 'C:\Users\gossd\AppData\Roaming\MetaQuotes\Terminal\7E6C4A6F67D435CAE80890D8C1401332\profiles\default\chart03.CHR'
0	07:32:30.559	Migration: copied from 'C:\Program Files (x86)\OANDA - MetaTrader 4\profiles\default\chart04.CHR' to 'C:\Users\gossd\AppData\Roaming\MetaQuotes\Terminal\7E6C4A6F67D435CAE80890D8C1401332\profiles\default\chart04.CHR'
0	07:32:30.559	Migration: copied from 'C:\Program Files (x86)\OANDA - MetaTrader 4\profiles\default\order.wnd' to 'C:\Users\gossd\AppData\Roaming\MetaQuotes\Terminal\7E6C4A6F67D435CAE80890D8C1401332\profiles\default\order.wnd'
0	07:32:30.575	Migration: copied from 'C:\Program Files (x86)\OANDA - MetaTrader 4\profiles\Euro\chart01.CHR' to 'C:\Users\gossd\AppData\Roaming\MetaQuotes\Terminal\7E6C4A6F67D435CAE80890D8C1401332\profiles\Euro\chart01.CHR'
0	07:32:30.575	Migration: copied from 'C:\Program Files (x86)\OANDA - MetaTrader 4\profiles\Euro\chart02.CHR' to 'C:\Users\gossd\AppData\Roaming\MetaQuotes\Terminal\7E6C4A6F67D435CAE80890D8C1401332\profiles\Euro\chart02.CHR'
0	07:32:30.575	Migration: copied from 'C:\Program Files (x86)\OANDA - MetaTrader 4\profiles\Euro\chart03.CHR' to 'C:\Users\gossd\AppData\Roaming\MetaQuotes\Terminal\7E6C4A6F67D435CAE80890D8C1401332\profiles\Euro\chart03.CHR'
0	07:32:30.575	Migration: copied from 'C:\Program Files (x86)\OANDA - MetaTrader 4\profiles\Euro\order.wnd' to 'C:\Users\gossd\AppData\Roaming\MetaQuotes\Terminal\7E6C4A6F67D435CAE80890D8C1401332\profiles\Euro\order.wnd'
0	07:32:30.575	Migration: copied from 'C:\Program Files (x86)\OANDA - MetaTrader 4\profiles\lastprofile.ini' to 'C:\Users\gossd\AppData\Roaming\MetaQuotes\Terminal\7E6C4A6F67D435CAE80890D8C1401332\profiles\lastprofile.ini'
0	07:32:30.575	Migration: copied from 'C:\Program Files (x86)\OANDA - MetaTrader 4\profiles\Market Overview\chart01.CHR' to 'C:\Users\gossd\AppData\Roaming\MetaQuotes\Terminal\7E6C4A6F67D435CAE80890D8C1401332\profiles\Market Overview\chart01.CHR'
0	07:32:30.575	Migration: copied from 'C:\Program Files (x86)\OANDA - MetaTrader 4\profiles\Market Overview\chart02.CHR' to 'C:\Users\gossd\AppData\Roaming\MetaQuotes\Terminal\7E6C4A6F67D435CAE80890D8C1401332\profiles\Market Overview\chart02.CHR'
0	07:32:30.575	Migration: copied from 'C:\Program Files (x86)\OANDA - MetaTrader 4\profiles\Market Overview\chart03.CHR' to 'C:\Users\gossd\AppData\Roaming\MetaQuotes\Terminal\7E6C4A6F67D435CAE80890D8C1401332\profiles\Market Overview\chart03.CHR'
0	07:32:30.575	Migration: copied from 'C:\Program Files (x86)\OANDA - MetaTrader 4\profiles\Market Overview\chart04.CHR' to 'C:\Users\gossd\AppData\Roaming\MetaQuotes\Terminal\7E6C4A6F67D435CAE80890D8C1401332\profiles\Market Overview\chart04.CHR'
0	07:32:30.575	Migration: copied from 'C:\Program Files (x86)\OANDA - MetaTrader 4\profiles\Market Overview\order.wnd' to 'C:\Users\gossd\AppData\Roaming\MetaQuotes\Terminal\7E6C4A6F67D435CAE80890D8C1401332\profiles\Market Overview\order.wnd'
0	07:32:30.591	Migration: copied from 'C:\Program Files (x86)\OANDA - MetaTrader 4\profiles\Swiss Franc\chart01.CHR' to 'C:\Users\gossd\AppData\Roaming\MetaQuotes\Terminal\7E6C4A6F67D435CAE80890D8C1401332\profiles\Swiss Franc\chart01.CHR'
0	07:32:30.591	Migration: copied from 'C:\Program Files (x86)\OANDA - MetaTrader 4\profiles\Swiss Franc\chart02.CHR' to 'C:\Users\gossd\AppData\Roaming\MetaQuotes\Terminal\7E6C4A6F67D435CAE80890D8C1401332\profiles\Swiss Franc\chart02.CHR'
0	07:32:30.591	Migration: copied from 'C:\Program Files (x86)\OANDA - MetaTrader 4\profiles\Swiss Franc\chart03.CHR' to 'C:\Users\gossd\AppData\Roaming\MetaQuotes\Terminal\7E6C4A6F67D435CAE80890D8C1401332\profiles\Swiss Franc\chart03.CHR'
0	07:32:30.591	Migration: copied from 'C:\Program Files (x86)\OANDA - MetaTrader 4\profiles\Swiss Franc\order.wnd' to 'C:\Users\gossd\AppData\Roaming\MetaQuotes\Terminal\7E6C4A6F67D435CAE80890D8C1401332\profiles\Swiss Franc\order.wnd'
0	07:32:30.591	Migration: profiles folder copied from 'C:\Program Files (x86)\OANDA - MetaTrader 4' to 'C:\Users\gossd\AppData\Roaming\MetaQuotes\Terminal\7E6C4A6F67D435CAE80890D8C1401332'
0	07:32:30.591	Migration: copied from 'C:\Program Files (x86)\OANDA - MetaTrader 4\templates\ADX.tpl' to 'C:\Users\gossd\AppData\Roaming\MetaQuotes\Terminal\7E6C4A6F67D435CAE80890D8C1401332\templates\ADX.tpl'
0	07:32:30.591	Migration: copied from 'C:\Program Files (x86)\OANDA - MetaTrader 4\templates\BollingerBands.tpl' to 'C:\Users\gossd\AppData\Roaming\MetaQuotes\Terminal\7E6C4A6F67D435CAE80890D8C1401332\templates\BollingerBands.tpl'
0	07:32:30.591	Migration: copied from 'C:\Program Files (x86)\OANDA - MetaTrader 4\templates\Layers.tpl' to 'C:\Users\gossd\AppData\Roaming\MetaQuotes\Terminal\7E6C4A6F67D435CAE80890D8C1401332\templates\Layers.tpl'
0	07:32:30.591	Migration: copied from 'C:\Program Files (x86)\OANDA - MetaTrader 4\templates\Momentum.tpl' to 'C:\Users\gossd\AppData\Roaming\MetaQuotes\Terminal\7E6C4A6F67D435CAE80890D8C1401332\templates\Momentum.tpl'
0	07:32:30.591	Migration: copied from 'C:\Program Files (x86)\OANDA - MetaTrader 4\templates\OptimizationReport.htm' to 'C:\Users\gossd\AppData\Roaming\MetaQuotes\Terminal\7E6C4A6F67D435CAE80890D8C1401332\templates\OptimizationReport.htm'
0	07:32:30.591	Migration: copied from 'C:\Program Files (x86)\OANDA - MetaTrader 4\templates\Popular.tpl' to 'C:\Users\gossd\AppData\Roaming\MetaQuotes\Terminal\7E6C4A6F67D435CAE80890D8C1401332\templates\Popular.tpl'
0	07:32:30.606	Migration: copied from 'C:\Program Files (x86)\OANDA - MetaTrader 4\templates\statement.htm' to 'C:\Users\gossd\AppData\Roaming\MetaQuotes\Terminal\7E6C4A6F67D435CAE80890D8C1401332\templates\statement.htm'
0	07:32:30.606	Migration: copied from 'C:\Program Files (x86)\OANDA - MetaTrader 4\templates\StatementDetailed.htm' to 'C:\Users\gossd\AppData\Roaming\MetaQuotes\Terminal\7E6C4A6F67D435CAE80890D8C1401332\templates\StatementDetailed.htm'
0	07:32:30.606	Migration: copied from 'C:\Program Files (x86)\OANDA - MetaTrader 4\templates\strategytester.htm' to 'C:\Users\gossd\AppData\Roaming\MetaQuotes\Terminal\7E6C4A6F67D435CAE80890D8C1401332\templates\strategytester.htm'
0	07:32:30.606	Migration: copied from 'C:\Program Files (x86)\OANDA - MetaTrader 4\templates\Volume.tpl' to 'C:\Users\gossd\AppData\Roaming\MetaQuotes\Terminal\7E6C4A6F67D435CAE80890D8C1401332\templates\Volume.tpl'
0	07:32:30.606	Migration: copied from 'C:\Program Files (x86)\OANDA - MetaTrader 4\templates\Williams.tpl' to 'C:\Users\gossd\AppData\Roaming\MetaQuotes\Terminal\7E6C4A6F67D435CAE80890D8C1401332\templates\Williams.tpl'
0	07:32:30.606	Migration: templates folder copied from 'C:\Program Files (x86)\OANDA - MetaTrader 4' to 'C:\Users\gossd\AppData\Roaming\MetaQuotes\Terminal\7E6C4A6F67D435CAE80890D8C1401332'
0	07:32:30.716	Migration: data to 'C:\Users\gossd\AppData\Roaming\MetaQuotes\Terminal\7E6C4A6F67D435CAE80890D8C1401332' migration started
0	07:32:30.716	Migration: data migration finished, no virtual folder
0	07:32:30.716	LiveUpdate: update C:\Users\gossd\AppData\Roaming\MetaQuotes\Terminal\7E6C4A6F67D435CAE80890D8C1401332\MQL4 folder started
0	07:32:31.059	LiveUpdate: update C:\Users\gossd\AppData\Roaming\MetaQuotes\Terminal\7E6C4A6F67D435CAE80890D8C1401332\MQL4 folder finished
0	07:32:31.559	OANDA - MT4 build 1420 started (OANDA Corporation)
0	07:32:31.559	Windows 10 Pro x64, UAC, 2 x Intel Celeron N4000  @ 1.10GHz, Memory: 2878 / 8016 Mb, Disk: 210 / 237 Gb, GMT-6
0	07:32:31.559	Data Folder: C:\Users\gossd\AppData\Roaming\MetaQuotes\Terminal\7E6C4A6F67D435CAE80890D8C1401332
0	07:32:33.121	Sources recompilation started
0	07:32:49.698	Sources recompilation finished (28 compiled in 16578 msec)
1	07:33:55.228	'512352': connect failed [Invalid account]
0	07:34:16.439	'512352': login on OANDA-Demo-1 through 198.105.27.171 (ping: 60.88 ms)
0	07:34:17.569	'512352': previous successful authorization performed from 99.25.77.32
0	07:34:30.033	'512352': auto connecting to a better access point Main 2 (ping is 53.61 ms)
0	07:34:30.452	'512352': login on OANDA-Demo-1 through Main 2 (ping: 53.61 ms)
0	07:34:31.093	'512352': previous successful authorization performed from 204.196.237.50
2	09:06:23.600	Custom indicator _Custom\Duto\duto_chart_indicators_v0.5 EURUSD,H4: loaded successfully
2	09:06:23.647	Custom indicator _Custom\Duto\macd_color_indicator_plot1_v0.9 EURUSD,H4: loaded successfully
